<?xml version="1.0" encoding="UTF-8"?>
<!-- Generated by org.testng.reporters.JUnitReportReporter -->
<testsuite hostname="DESKTOP-4QBB53S" failures="0" tests="4" name="Exelwash_Test_Methods.ExelWash_Operations" time="120.513" errors="0" timestamp="2023-06-28T17:06:46 IST" skipped="0">
  <testcase classname="Exelwash_Test_Methods.ExelWash_Operations" name="enter_user_SignUp_Details" time="83.016"/>
  <system-out/>
  <testcase classname="Exelwash_Test_Methods.ExelWash_Operations" name="enter_user_Login_Details" time="9.373"/>
  <system-out/>
  <testcase classname="Exelwash_Test_Methods.ExelWash_Operations" name="click_On_Services" time="16.116"/>
  <system-out/>
  <testcase classname="Exelwash_Test_Methods.ExelWash_Operations" name="chacking_Home_Page_Functionality" time="12.008"/>
  <system-out/>
</testsuite> <!-- Exelwash_Test_Methods.ExelWash_Operations -->
